Building DAG of jobs...
Using shell: /usr/bin/bash
Provided cores: 4
Rules claiming more threads will be scaled down.
Job stats:
job        count
-------  -------
all            1
vcf2maf        1
total          2

Select jobs to execute...

[Sat Jan  3 20:59:43 2026]
rule vcf2maf:
    input: results/vcf/somatic/annotated/Tumor_1000G.somatic.ann.vcf.gz, data/refs/Homo_sapiens_assembly38.fasta
    output: results/maf/Tumor_1000G.maf
    jobid: 18
    reason: Missing output files: results/maf/Tumor_1000G.maf
    wildcards: sample=Tumor_1000G
    resources: tmpdir=/tmp

Activating conda environment: envs/wes_pipeline
