Building DAG of jobs...
Creating conda environment envs/manta.yaml...
Downloading and installing remote packages.
Environment for /home/visceria/projects/wes/envs/manta.yaml created (location: .snakemake/conda/842c8145ab30d9f34d8150d6349fb859_)
Using shell: /usr/bin/bash
Provided cores: 4
Rules claiming more threads will be scaled down.
Job stats:
job                 count
----------------  -------
all                     1
bqsr                    2
bwa_index               1
bwa_mem                 2
fastp                   2
filter_mutect           1
haplotype_caller        1
manta_sv                1
mark_duplicates         2
multiqc                 1
mutect2                 1
vep_annotate            1
total                  16

Select jobs to execute...

[Fri Jan  2 11:26:44 2026]
rule fastp:
    input: data/fastq/Tumor_R1.fastq.gz, data/fastq/Tumor_R2.fastq.gz
    output: results/trimmed/Tumor_1000G_L001_R1.fastq.gz, results/trimmed/Tumor_1000G_L001_R2.fastq.gz, results/qc/fastp/Tumor_1000G_L001.json, results/qc/fastp/Tumor_1000G_L001.html
    jobid: 3
    reason: Missing output files: results/trimmed/Tumor_1000G_L001_R2.fastq.gz, results/qc/fastp/Tumor_1000G_L001.json, results/trimmed/Tumor_1000G_L001_R1.fastq.gz
    wildcards: sample=Tumor_1000G, lane=L001
    threads: 4
    resources: tmpdir=/tmp, mem_mb=4000, mem_mib=3815

[Fri Jan  2 11:28:31 2026]
Finished job 3.
1 of 16 steps (6%) done
Select jobs to execute...

[Fri Jan  2 11:28:31 2026]
rule fastp:
    input: data/fastq/Normal_R1.fastq.gz, data/fastq/Normal_R2.fastq.gz
    output: results/trimmed/Normal_1000G_L001_R1.fastq.gz, results/trimmed/Normal_1000G_L001_R2.fastq.gz, results/qc/fastp/Normal_1000G_L001.json, results/qc/fastp/Normal_1000G_L001.html
    jobid: 2
    reason: Missing output files: results/trimmed/Normal_1000G_L001_R1.fastq.gz, results/qc/fastp/Normal_1000G_L001.json, results/trimmed/Normal_1000G_L001_R2.fastq.gz
    wildcards: sample=Normal_1000G, lane=L001
    threads: 4
    resources: tmpdir=/tmp, mem_mb=4000, mem_mib=3815

[Fri Jan  2 11:30:19 2026]
Finished job 2.
2 of 16 steps (12%) done
Select jobs to execute...

[Fri Jan  2 11:30:19 2026]
rule bwa_index:
    input: data/refs/Homo_sapiens_assembly38.fasta
    output: data/refs/Homo_sapiens_assembly38.fasta.amb, data/refs/Homo_sapiens_assembly38.fasta.ann, data/refs/Homo_sapiens_assembly38.fasta.bwt, data/refs/Homo_sapiens_assembly38.fasta.pac, data/refs/Homo_sapiens_assembly38.fasta.sa
    jobid: 6
    reason: Missing output files: data/refs/Homo_sapiens_assembly38.fasta.pac, data/refs/Homo_sapiens_assembly38.fasta.bwt, data/refs/Homo_sapiens_assembly38.fasta.sa, data/refs/Homo_sapiens_assembly38.fasta.amb, data/refs/Homo_sapiens_assembly38.fasta.ann
    resources: tmpdir=/tmp, mem_mb=16000, mem_mib=15259

[Fri Jan  2 12:02:53 2026]
Finished job 6.
3 of 16 steps (19%) done
Select jobs to execute...

[Fri Jan  2 12:02:53 2026]
rule bwa_mem:
    input: results/trimmed/Normal_1000G_L001_R1.fastq.gz, results/trimmed/Normal_1000G_L001_R2.fastq.gz, data/refs/Homo_sapiens_assembly38.fasta, data/refs/Homo_sapiens_assembly38.fasta.amb, data/refs/Homo_sapiens_assembly38.fasta.ann, data/refs/Homo_sapiens_assembly38.fasta.bwt, data/refs/Homo_sapiens_assembly38.fasta.pac, data/refs/Homo_sapiens_assembly38.fasta.sa
    output: results/mapped/Normal_1000G_L001.sorted.bam
    jobid: 5
    reason: Missing output files: results/mapped/Normal_1000G_L001.sorted.bam; Input files updated by another job: data/refs/Homo_sapiens_assembly38.fasta.amb, results/trimmed/Normal_1000G_L001_R1.fastq.gz, results/trimmed/Normal_1000G_L001_R2.fastq.gz, data/refs/Homo_sapiens_assembly38.fasta.pac, data/refs/Homo_sapiens_assembly38.fasta.sa, data/refs/Homo_sapiens_assembly38.fasta.bwt, data/refs/Homo_sapiens_assembly38.fasta.ann
    wildcards: sample=Normal_1000G, lane=L001
    threads: 4
    resources: tmpdir=/tmp, mem_mb=8192, mem_mib=7813, time=08:00:00

[Fri Jan  2 13:09:01 2026]
Finished job 5.
4 of 16 steps (25%) done
Select jobs to execute...

[Fri Jan  2 13:09:01 2026]
rule mark_duplicates:
    input: results/mapped/Normal_1000G_L001.sorted.bam
    output: results/dedup/Normal_1000G.dedup.bam, results/qc/dedup/Normal_1000G.metrics.txt
    jobid: 4
    reason: Missing output files: results/qc/dedup/Normal_1000G.metrics.txt, results/dedup/Normal_1000G.dedup.bam; Input files updated by another job: results/mapped/Normal_1000G_L001.sorted.bam
    wildcards: sample=Normal_1000G
    resources: tmpdir=/tmp, mem_mb=6144, mem_mib=5860

[Fri Jan  2 13:18:13 2026]
Finished job 4.
5 of 16 steps (31%) done
Removing temporary output results/mapped/Normal_1000G_L001.sorted.bam.
Select jobs to execute...

[Fri Jan  2 13:18:13 2026]
rule bwa_mem:
    input: results/trimmed/Tumor_1000G_L001_R1.fastq.gz, results/trimmed/Tumor_1000G_L001_R2.fastq.gz, data/refs/Homo_sapiens_assembly38.fasta, data/refs/Homo_sapiens_assembly38.fasta.amb, data/refs/Homo_sapiens_assembly38.fasta.ann, data/refs/Homo_sapiens_assembly38.fasta.bwt, data/refs/Homo_sapiens_assembly38.fasta.pac, data/refs/Homo_sapiens_assembly38.fasta.sa
    output: results/mapped/Tumor_1000G_L001.sorted.bam
    jobid: 8
    reason: Missing output files: results/mapped/Tumor_1000G_L001.sorted.bam; Input files updated by another job: data/refs/Homo_sapiens_assembly38.fasta.amb, data/refs/Homo_sapiens_assembly38.fasta.pac, results/trimmed/Tumor_1000G_L001_R2.fastq.gz, results/trimmed/Tumor_1000G_L001_R1.fastq.gz, data/refs/Homo_sapiens_assembly38.fasta.sa, data/refs/Homo_sapiens_assembly38.fasta.bwt, data/refs/Homo_sapiens_assembly38.fasta.ann
    wildcards: sample=Tumor_1000G, lane=L001
    threads: 4
    resources: tmpdir=/tmp, mem_mb=8192, mem_mib=7813, time=08:00:00

[Fri Jan  2 14:24:34 2026]
Finished job 8.
6 of 16 steps (38%) done
Select jobs to execute...

[Fri Jan  2 14:24:34 2026]
rule bqsr:
    input: results/dedup/Normal_1000G.dedup.bam, data/refs/Homo_sapiens_assembly38.fasta, data/refs/dbsnp.vcf.gz
    output: results/recal/Normal_1000G.recal_data.table, results/recal/Normal_1000G.recal.bam
    jobid: 13
    reason: Missing output files: results/recal/Normal_1000G.recal.bam; Input files updated by another job: results/dedup/Normal_1000G.dedup.bam
    wildcards: sample=Normal_1000G
    resources: tmpdir=/tmp, mem_mb=4096, mem_mib=3907


[Fri Jan  2 14:24:34 2026]
rule mark_duplicates:
    input: results/mapped/Tumor_1000G_L001.sorted.bam
    output: results/dedup/Tumor_1000G.dedup.bam, results/qc/dedup/Tumor_1000G.metrics.txt
    jobid: 7
    reason: Missing output files: results/qc/dedup/Tumor_1000G.metrics.txt, results/dedup/Tumor_1000G.dedup.bam; Input files updated by another job: results/mapped/Tumor_1000G_L001.sorted.bam
    wildcards: sample=Tumor_1000G
    resources: tmpdir=/tmp, mem_mb=6144, mem_mib=5860

[Fri Jan  2 14:33:23 2026]
Finished job 7.
7 of 16 steps (44%) done
Removing temporary output results/mapped/Tumor_1000G_L001.sorted.bam.
Select jobs to execute...

[Fri Jan  2 14:33:23 2026]
rule bqsr:
    input: results/dedup/Tumor_1000G.dedup.bam, data/refs/Homo_sapiens_assembly38.fasta, data/refs/dbsnp.vcf.gz
    output: results/recal/Tumor_1000G.recal_data.table, results/recal/Tumor_1000G.recal.bam
    jobid: 12
    reason: Missing output files: results/recal/Tumor_1000G.recal.bam; Input files updated by another job: results/dedup/Tumor_1000G.dedup.bam
    wildcards: sample=Tumor_1000G
    resources: tmpdir=/tmp, mem_mb=4096, mem_mib=3907


[Fri Jan  2 14:33:23 2026]
rule multiqc:
    input: results/qc/fastp/Normal_1000G_L001.json, results/qc/fastp/Tumor_1000G_L001.json, results/qc/dedup/Normal_1000G.metrics.txt, results/qc/dedup/Tumor_1000G.metrics.txt
    output: results/qc/multiqc_report.html
    jobid: 1
    reason: Missing output files: results/qc/multiqc_report.html; Input files updated by another job: results/qc/dedup/Normal_1000G.metrics.txt, results/qc/dedup/Tumor_1000G.metrics.txt, results/qc/fastp/Tumor_1000G_L001.json, results/qc/fastp/Normal_1000G_L001.json
    resources: tmpdir=/tmp

[Fri Jan  2 14:33:25 2026]
Finished job 1.
8 of 16 steps (50%) done
[Fri Jan  2 14:53:54 2026]
Finished job 13.
9 of 16 steps (56%) done
Select jobs to execute...

[Fri Jan  2 14:53:54 2026]
rule haplotype_caller:
    input: results/recal/Normal_1000G.recal.bam, data/refs/Homo_sapiens_assembly38.fasta, data/refs/intervals.bed
    output: results/vcf/germline/Normal_1000G.germline.vcf.gz
    jobid: 14
    reason: Missing output files: results/vcf/germline/Normal_1000G.germline.vcf.gz; Input files updated by another job: results/recal/Normal_1000G.recal.bam
    wildcards: sample=Normal_1000G
    resources: tmpdir=/tmp, mem_mb=8192, mem_mib=7813

[Fri Jan  2 15:00:31 2026]
Finished job 12.
10 of 16 steps (62%) done
Select jobs to execute...

[Fri Jan  2 15:00:31 2026]
rule mutect2:
    input: results/recal/Tumor_1000G.recal.bam, results/recal/Normal_1000G.recal.bam, data/refs/Homo_sapiens_assembly38.fasta, data/refs/intervals.bed
    output: results/vcf/somatic/raw/Tumor_1000G.somatic.vcf.gz, results/vcf/somatic/raw/Tumor_1000G.f1r2.tar.gz
    jobid: 11
    reason: Missing output files: results/vcf/somatic/raw/Tumor_1000G.somatic.vcf.gz; Input files updated by another job: results/recal/Tumor_1000G.recal.bam, results/recal/Normal_1000G.recal.bam
    wildcards: sample=Tumor_1000G
    resources: tmpdir=/tmp, mem_mb=8192, mem_mib=7813

[Fri Jan  2 17:02:05 2026]
Finished job 14.
11 of 16 steps (69%) done
Select jobs to execute...
[Fri Jan  2 18:38:28 2026]
Finished job 11.
12 of 16 steps (75%) done

[Fri Jan  2 18:38:28 2026]
rule manta_sv:
    input: results/recal/Tumor_1000G.recal.bam, results/recal/Normal_1000G.recal.bam, data/refs/Homo_sapiens_assembly38.fasta
    output: results/sv/manta/Tumor_1000G/results/variants/somaticSV.vcf.gz
    jobid: 15
    reason: Missing output files: results/sv/manta/Tumor_1000G/results/variants/somaticSV.vcf.gz; Input files updated by another job: results/recal/Tumor_1000G.recal.bam, results/recal/Normal_1000G.recal.bam
    wildcards: sample=Tumor_1000G
    threads: 4
    resources: tmpdir=/tmp, mem_mb=4096, mem_mib=3907

Activating conda environment: .snakemake/conda/842c8145ab30d9f34d8150d6349fb859_
[Fri Jan  2 18:55:28 2026]
Finished job 15.
13 of 16 steps (81%) done
Select jobs to execute...

[Fri Jan  2 18:55:28 2026]
rule filter_mutect:
    input: results/vcf/somatic/raw/Tumor_1000G.somatic.vcf.gz, data/refs/Homo_sapiens_assembly38.fasta
    output: results/vcf/somatic/filtered/Tumor_1000G.somatic.filtered.vcf.gz
    jobid: 10
    reason: Missing output files: results/vcf/somatic/filtered/Tumor_1000G.somatic.filtered.vcf.gz; Input files updated by another job: results/vcf/somatic/raw/Tumor_1000G.somatic.vcf.gz
    wildcards: sample=Tumor_1000G
    resources: tmpdir=/tmp

[Fri Jan  2 18:55:35 2026]
Finished job 10.
14 of 16 steps (88%) done
Select jobs to execute...

[Fri Jan  2 18:55:35 2026]
rule vep_annotate:
    input: results/vcf/somatic/filtered/Tumor_1000G.somatic.filtered.vcf.gz, data/refs/vep_cache
    output: results/vcf/somatic/annotated/Tumor_1000G.somatic.ann.vcf.gz
    jobid: 9
    reason: Missing output files: results/vcf/somatic/annotated/Tumor_1000G.somatic.ann.vcf.gz; Input files updated by another job: results/vcf/somatic/filtered/Tumor_1000G.somatic.filtered.vcf.gz
    wildcards: sample=Tumor_1000G
    resources: tmpdir=/tmp

[Fri Jan  2 18:56:27 2026]
Finished job 9.
15 of 16 steps (94%) done
Select jobs to execute...

[Fri Jan  2 18:56:27 2026]
localrule all:
    input: results/qc/multiqc_report.html, results/vcf/somatic/annotated/Tumor_1000G.somatic.ann.vcf.gz, results/vcf/germline/Normal_1000G.germline.vcf.gz, results/sv/manta/Tumor_1000G/results/variants/somaticSV.vcf.gz
    jobid: 0
    reason: Input files updated by another job: results/vcf/germline/Normal_1000G.germline.vcf.gz, results/qc/multiqc_report.html, results/sv/manta/Tumor_1000G/results/variants/somaticSV.vcf.gz, results/vcf/somatic/annotated/Tumor_1000G.somatic.ann.vcf.gz
    resources: tmpdir=/tmp

[Fri Jan  2 18:56:27 2026]
Finished job 0.
16 of 16 steps (100%) done
Complete log: .snakemake/log/2026-01-02T112633.781337.snakemake.log
