Building DAG of jobs...
Creating conda environment environment.yaml...
Downloading and installing remote packages.
CreateCondaEnvironmentException:
Could not create conda environment from /home/visceria/projects/wes/environment.yaml:
Command:
conda env create --quiet --file "/home/visceria/projects/wes/.snakemake/conda/31f33adeab17e4fa39dfc4fbd00ee77a_.yaml" --prefix "/home/visceria/projects/wes/.snakemake/conda/31f33adeab17e4fa39dfc4fbd00ee77a_"
Output:
Retrieving notices: ...working... done
Channels:
 - bioconda
 - conda-forge
 - defaults
Platform: linux-64
Collecting package metadata (repodata.json): ...working... done
Solving environment: ...working... failed

LibMambaUnsatisfiableError: Encountered problems while solving:
  - package fastp-0.23.2-hadf994f_4 requires libdeflate >=1.18,<1.26.0a0, but none of the providers can be installed
  - package samtools-1.15-h1170115_1 requires htslib >=1.15,<1.24.0a0, but none of the providers can be installed
  - package multiqc-1.14-pyhdfd78af_0 requires requests, but none of the providers can be installed
  - nothing provides snakemake-minimal 8.11.2.* needed by snakemake-8.11.2-hdfd78af_0

Could not solve for environment specs
The following packages are incompatible
├─ ensembl-vep =106.1 * is installable and it requires
│  ├─ perl >=5.32.1,<6.0a0 *_perl5, which can be installed;
│  ├─ perl-bioperl >=1.7.2 * with the potential options
│  │  ├─ perl-bioperl [1.7.2|1.7.8] would require
│  │  │  ├─ perl-bio-featureio =* *, which requires
│  │  │  │  └─ perl-xml-dom =* *, which requires
│  │  │  │     └─ perl-libwww-perl =* *, which requires
│  │  │  │        └─ perl-net-http [=* *|>=6.18 *|>=6.7 *], which requires
│  │  │  │           └─ perl-io-socket-ssl =* * with the potential options
│  │  │  │              ├─ perl-io-socket-ssl [2.024|2.056|2.060|2.066|2.074] would require
│  │  │  │              │  └─ perl-net-ssleay =* * with the potential options
│  │  │  │              │     ├─ perl-net-ssleay [1.72|1.74|1.86|1.88] would require
│  │  │  │              │     │  └─ openssl [>=1.1.0,<=1.1.1 *|>=1.1.1a,<1.1.2a *], which can be installed;
│  │  │  │              │     ├─ perl-net-ssleay 1.84 would require
│  │  │  │              │     │  └─ perl =5.22.0 *, which conflicts with any installable versions previously reported;
│  │  │  │              │     ├─ perl-net-ssleay 1.84 would require
│  │  │  │              │     │  └─ openssl >=1.0.2o,<1.0.3a *, which can be installed;
│  │  │  │              │     ├─ perl-net-ssleay 1.85 would require
│  │  │  │              │     │  └─ openssl >=1.0.2p,<1.0.3a *, which can be installed;
│  │  │  │              │     ├─ perl-net-ssleay [1.88|1.92] would require
│  │  │  │              │     │  └─ openssl >=1.1.1l,<1.1.2a *, which can be installed;
│  │  │  │              │     └─ perl-net-ssleay [1.92|1.94] conflicts with any installable versions previously reported;
│  │  │  │              └─ perl-io-socket-ssl 2.075 conflicts with any installable versions previously reported;
│  │  │  └─ perl-bioperl-core [==1.7.2 *|==1.7002 *], which requires
│  │  │     └─ perl-soap-lite =* *, which requires
│  │  │        └─ perl-io-socket-ssl =* * with the potential options
│  │  │           ├─ perl-io-socket-ssl [2.024|2.056|2.060|2.066|2.074], which can be installed (as previously explained);
│  │  │           └─ perl-io-socket-ssl 2.075 conflicts with any installable versions previously reported;
│  │  └─ perl-bioperl 1.7.8 would require
│  │     └─ perl-bio-searchio-hmmer =* *, which requires
│  │        └─ perl-db_file =* *, which requires
│  │           └─ libdb >=6.2.32,<6.3.0a0 *, which conflicts with any installable versions previously reported;
│  └─ perl-dbd-mysql =* * with the potential options
│     ├─ perl-dbd-mysql 5.013 would require
│     │  └─ openssl >=3.5.2,<4.0a0 *, which conflicts with any installable versions previously reported;
│     ├─ perl-dbd-mysql 4.033 would require
│     │  └─ mysqlclient =* * with the potential options
│     │     ├─ mysqlclient [1.3.10|1.3.7|1.3.9] would require
│     │     │  └─ python =2.7 * with the potential options
│     │     │     ├─ python [2.7.12|2.7.13|...|2.7.18], which can be installed;
│     │     │     └─ python [2.7.13|2.7.14|3.5.4|3.6.2|3.6.3] would require
│     │     │        └─ ncurses =6.0 *, which conflicts with any installable versions previously reported;
│     │     ├─ mysqlclient [1.3.10|1.3.7|1.3.9] would require
│     │     │  └─ python =3.5 * with the potential options
│     │     │     ├─ python [2.7.13|2.7.14|3.5.4|3.6.2|3.6.3], which cannot be installed (as previously explained);
│     │     │     └─ python [3.5.1|3.5.2|...|3.5.6], which can be installed;
│     │     ├─ mysqlclient 1.3.10 would require
│     │     │  └─ python =3.6 * with the potential options
│     │     │     ├─ python [2.7.13|2.7.14|3.5.4|3.6.2|3.6.3], which cannot be installed (as previously explained);
│     │     │     └─ python [3.6.0|3.6.0a3|...|3.6.9], which can be installed;
│     │     ├─ mysqlclient [1.3.7|1.3.9] would require
│     │     │  └─ python =3.4 *, which can be installed;
│     │     └─ mysqlclient [1.3.12|1.3.13|...|2.2.7] conflicts with any installable versions previously reported;
│     ├─ perl-dbd-mysql 4.033 would require
│     │  └─ perl =5.22.0 *, which conflicts with any installable versions previously reported;
│     ├─ perl-dbd-mysql 4.046 would require
│     │  └─ perl >=5.26.2,<5.26.3.0a0 *, which conflicts with any installable versions previously reported;
│     └─ perl-dbd-mysql [4.046|4.050] would require
│        └─ mysql-connector-c >=6.1.11,<6.1.12.0a0 *, which conflicts with any installable versions previously reported;
├─ fastp =0.23.2 * is not installable because there are no viable options
│  ├─ fastp 0.23.2 would require
│  │  └─ libdeflate >=1.13,<1.26.0a0 *, which conflicts with any installable versions previously reported;
│  ├─ fastp 0.23.2 would require
│  │  └─ libdeflate >=1.7,<1.26.0a0 *, which conflicts with any installable versions previously reported;
│  ├─ fastp 0.23.2 would require
│  │  └─ libdeflate >=1.18,<1.26.0a0 *, which conflicts with any installable versions previously reported;
│  ├─ fastp 0.23.2 would require
│  │  └─ libdeflate >=1.10,<1.26.0a0 *, which conflicts with any installable versions previously reported;
│  └─ fastp 0.23.2 would require
│     └─ libdeflate >=1.9,<1.26.0a0 *, which conflicts with any installable versions previously reported;
├─ multiqc =1.14 * is installable and it requires
│  └─ requests =* * with the potential options
│     ├─ requests [2.10.0|2.11.0|...|2.9.2] would require
│     │  └─ python =2.7 * with the potential options
│     │     ├─ python [2.7.12|2.7.13|...|2.7.18], which can be installed;
│     │     └─ python [2.7.13|2.7.14|3.5.4|3.6.2|3.6.3], which cannot be installed (as previously explained);
│     ├─ requests [2.10.0|2.11.0|...|2.9.2] would require
│     │  └─ python =3.4 *, which can be installed;
│     ├─ requests [2.10.0|2.11.0|...|2.9.2] would require
│     │  └─ python =3.5 * with the potential options
│     │     ├─ python [2.7.13|2.7.14|3.5.4|3.6.2|3.6.3], which cannot be installed (as previously explained);
│     │     └─ python [3.5.1|3.5.2|...|3.5.6], which can be installed;
│     ├─ requests [2.12.4|2.12.5|2.13.0] would require
│     │  └─ python =3.6 * with the potential options
│     │     ├─ python [2.7.13|2.7.14|3.5.4|3.6.2|3.6.3], which cannot be installed (as previously explained);
│     │     └─ python [3.6.0|3.6.0a3|...|3.6.9], which can be installed;
│     ├─ requests [2.17.3|2.18.1|2.18.2|2.18.3|2.18.4] would require
│     │  └─ urllib3 >=1.21.1,<1.22 *, which conflicts with any installable versions previously reported;
│     ├─ requests 2.18.4 would require
│     │  └─ urllib3 >=1.21.1,<1.23 *, which conflicts with any installable versions previously reported;
│     ├─ requests [2.19.0|2.19.1|2.20.0|2.20.1] would require
│     │  └─ urllib3 >=1.21.1,<1.24 *, which conflicts with any installable versions previously reported;
│     ├─ requests [2.21.0|2.22.0] would require
│     │  └─ urllib3 >=1.21.1,<1.25 *, which conflicts with any installable versions previously reported;
│     ├─ requests [2.22.0|2.23.0|2.24.0|2.25.0] would require
│     │  └─ urllib3 >=1.21.1,(<1.26,(!=1.25.0,!=1.25.1)) *, which conflicts with any installable versions previously reported;
│     ├─ requests [2.25.1|2.26.0|...|2.29.0] would require
│     │  └─ urllib3 >=1.21.1,<1.27 *, which conflicts with any installable versions previously reported;
│     ├─ requests [2.31.0|2.32.1|...|2.32.5] would require
│     │  └─ urllib3 >=1.21.1,<3 *, which conflicts with any installable versions previously reported;
│     └─ requests [2.18.4|2.19.1|...|2.32.5] conflicts with any installable versions previously reported;
├─ python =3.9 * is not installable because it conflicts with any installable versions previously reported;
├─ samtools =1.15 * is not installable because there are no viable options
│  ├─ samtools [1.15|1.15.1] would require
│  │  └─ htslib >=1.15,<1.24.0a0 * but there are no viable options
│  │     ├─ htslib 1.23 would require
│  │     │  └─ libcurl >=8.17.0,<9.0a0 * but there are no viable options
│  │     │     ├─ libcurl [8.16.0|8.17.0] would require
│  │     │     │  └─ libnghttp2 >=1.67.0,<2.0a0 * but there are no viable options
│  │     │     │     ├─ libnghttp2 1.67.0 would require
│  │     │     │     │  └─ c-ares >=1.34.5,<2.0a0 *, which conflicts with any installable versions previously reported;
│  │     │     │     └─ libnghttp2 1.67.1 conflicts with any installable versions previously reported;
│  │     │     └─ libcurl 8.17.0 conflicts with any installable versions previously reported;
│  │     ├─ htslib [1.14|1.15] would require
│  │     │  └─ libcurl >=7.81.0,<8.0a0 * but there are no viable options
│  │     │     ├─ libcurl [7.82.0|7.83.0|...|8.4.0] would require
│  │     │     │  └─ libnghttp2 [>=1.47.0,<2.0a0 *|>=1.51.0,<2.0a0 *|>=1.52.0,<2.0a0 *] but there are no viable options
│  │     │     │     ├─ libnghttp2 1.67.0, which cannot be installed (as previously explained);
│  │     │     │     ├─ libnghttp2 1.67.1 conflicts with any installable versions previously reported;
│  │     │     │     ├─ libnghttp2 [1.63.0|1.64.0] would require
│  │     │     │     │  └─ c-ares >=1.32.3,<2.0a0 *, which conflicts with any installable versions previously reported;
│  │     │     │     ├─ libnghttp2 1.58.0 would require
│  │     │     │     │  └─ c-ares >=1.21.0,<2.0a0 *, which conflicts with any installable versions previously reported;
│  │     │     │     ├─ libnghttp2 1.58.0 would require
│  │     │     │     │  └─ c-ares >=1.23.0,<2.0a0 *, which conflicts with any installable versions previously reported;
│  │     │     │     ├─ libnghttp2 [1.46.0|1.47.0|1.51.0|1.52.0] would require
│  │     │     │     │  └─ c-ares >=1.18.1,<2.0a0 *, which conflicts with any installable versions previously reported;
│  │     │     │     ├─ libnghttp2 1.55.1 would require
│  │     │     │     │  └─ c-ares >=1.20.1,<2.0a0 *, which conflicts with any installable versions previously reported;
│  │     │     │     └─ libnghttp2 [1.52.0|1.57.0] conflicts with any installable versions previously reported;
│  │     │     ├─ libcurl [7.79.1|7.80.0|7.81.0] would require
│  │     │     │  └─ libnghttp2 >=1.43.0,<2.0a0 * but there are no viable options
│  │     │     │     ├─ libnghttp2 1.67.0, which cannot be installed (as previously explained);
│  │     │     │     ├─ libnghttp2 1.67.1 conflicts with any installable versions previously reported;
│  │     │     │     ├─ libnghttp2 [1.63.0|1.64.0], which cannot be installed (as previously explained);
│  │     │     │     ├─ libnghttp2 1.58.0, which cannot be installed (as previously explained);
│  │     │     │     ├─ libnghttp2 1.58.0, which cannot be installed (as previously explained);
│  │     │     │     ├─ libnghttp2 [1.46.0|1.47.0|1.51.0|1.52.0], which cannot be installed (as previously explained);
│  │     │     │     ├─ libnghttp2 1.55.1, which cannot be installed (as previously explained);
│  │     │     │     ├─ libnghttp2 [1.52.0|1.57.0] conflicts with any installable versions previously reported;
│  │     │     │     ├─ libnghttp2 1.43.0 would require
│  │     │     │     │  └─ c-ares >=1.17.1,<2.0a0 *, which conflicts with any installable versions previously reported;
│  │     │     │     ├─ libnghttp2 1.43.0 would require
│  │     │     │     │  └─ c-ares >=1.17.2,<2.0a0 *, which conflicts with any installable versions previously reported;
│  │     │     │     └─ libnghttp2 1.46.0 conflicts with any installable versions previously reported;
│  │     │     ├─ libcurl 7.82.0 conflicts with any installable versions previously reported;
│  │     │     ├─ libcurl [7.84.0|7.85.0|7.86.0] conflicts with any installable versions previously reported;
│  │     │     └─ libcurl [7.87.0|7.88.1] conflicts with any installable versions previously reported;
│  │     ├─ htslib [1.15.1|1.16] would require
│  │     │  └─ libcurl >=7.83.1,<8.0a0 * but there are no viable options
│  │     │     ├─ libcurl [7.82.0|7.83.0|...|8.4.0], which cannot be installed (as previously explained);
│  │     │     ├─ libcurl [7.84.0|7.85.0|7.86.0] conflicts with any installable versions previously reported;
│  │     │     └─ libcurl [7.87.0|7.88.1] conflicts with any installable versions previously reported;
│  │     ├─ htslib 1.15.1 would require
│  │     │  └─ libcurl >=7.82.0,<8.0a0 * but there are no viable options
│  │     │     ├─ libcurl [7.82.0|7.83.0|...|8.4.0], which cannot be installed (as previously explained);
│  │     │     ├─ libcurl 7.82.0 conflicts with any installable versions previously reported;
│  │     │     ├─ libcurl [7.84.0|7.85.0|7.86.0] conflicts with any installable versions previously reported;
│  │     │     └─ libcurl [7.87.0|7.88.1] conflicts with any installable versions previously reported;
│  │     ├─ htslib 1.17 would require
│  │     │  └─ libcurl >=7.87.0,<8.0a0 * but there are no viable options
│  │     │     ├─ libcurl [7.82.0|7.83.0|...|8.4.0], which cannot be installed (as previously explained);
│  │     │     └─ libcurl [7.87.0|7.88.1] conflicts with any installable versions previously reported;
│  │     ├─ htslib 1.17 would require
│  │     │  └─ libcurl >=8.0.1,<9.0a0 * but there are no viable options
│  │     │     ├─ libcurl [8.16.0|8.17.0], which cannot be installed (as previously explained);
│  │     │     ├─ libcurl 8.17.0 conflicts with any installable versions previously reported;
│  │     │     ├─ libcurl [8.11.1|8.12.0|...|8.14.1] would require
│  │     │     │  └─ libnghttp2 >=1.64.0,<2.0a0 * but there are no viable options
│  │     │     │     ├─ libnghttp2 1.67.0, which cannot be installed (as previously explained);
│  │     │     │     ├─ libnghttp2 1.67.1 conflicts with any installable versions previously reported;
│  │     │     │     └─ libnghttp2 [1.63.0|1.64.0], which cannot be installed (as previously explained);
│  │     │     ├─ libcurl [8.11.1|8.12.0|8.12.1] conflicts with any installable versions previously reported;
│  │     │     ├─ libcurl [8.14.1|8.15.0|8.16.0] conflicts with any installable versions previously reported;
│  │     │     ├─ libcurl [8.10.0|8.10.1|...|8.9.1] would require
│  │     │     │  └─ libnghttp2 >=1.58.0,<2.0a0 * but there are no viable options
│  │     │     │     ├─ libnghttp2 1.67.0, which cannot be installed (as previously explained);
│  │     │     │     ├─ libnghttp2 1.67.1 conflicts with any installable versions previously reported;
│  │     │     │     ├─ libnghttp2 [1.63.0|1.64.0], which cannot be installed (as previously explained);
│  │     │     │     ├─ libnghttp2 1.58.0, which cannot be installed (as previously explained);
│  │     │     │     └─ libnghttp2 1.58.0, which cannot be installed (as previously explained);
│  │     │     ├─ libcurl [7.82.0|7.83.0|...|8.4.0], which cannot be installed (as previously explained);
│  │     │     ├─ libcurl [8.2.1|8.4.0] conflicts with any installable versions previously reported;
│  │     │     ├─ libcurl 8.5.0 conflicts with any installable versions previously reported;
│  │     │     ├─ libcurl 8.7.1 conflicts with any installable versions previously reported;
│  │     │     ├─ libcurl 8.9.1 conflicts with any installable versions previously reported;
│  │     │     └─ libcurl 8.1.1 conflicts with any installable versions previously reported;
│  │     ├─ htslib 1.18 would require
│  │     │  └─ libcurl >=8.2.0,<9.0a0 * but there are no viable options
│  │     │     ├─ libcurl [8.16.0|8.17.0], which cannot be installed (as previously explained);
│  │     │     ├─ libcurl 8.17.0 conflicts with any installable versions previously reported;
│  │     │     ├─ libcurl [8.11.1|8.12.0|...|8.14.1], which cannot be installed (as previously explained);
│  │     │     ├─ libcurl [8.11.1|8.12.0|8.12.1] conflicts with any installable versions previously reported;
│  │     │     ├─ libcurl [8.14.1|8.15.0|8.16.0] conflicts with any installable versions previously reported;
│  │     │     ├─ libcurl [8.10.0|8.10.1|...|8.9.1], which cannot be installed (as previously explained);
│  │     │     ├─ libcurl [7.82.0|7.83.0|...|8.4.0], which cannot be installed (as previously explained);
│  │     │     ├─ libcurl [8.2.1|8.4.0] conflicts with any installable versions previously reported;
│  │     │     ├─ libcurl 8.5.0 conflicts with any installable versions previously reported;
│  │     │     ├─ libcurl 8.7.1 conflicts with any installable versions previously reported;
│  │     │     └─ libcurl 8.9.1 conflicts with any installable versions previously reported;
│  │     ├─ htslib [1.19|1.19.1] would require
│  │     │  └─ libcurl >=8.5.0,<9.0a0 * but there are no viable options
│  │     │     ├─ libcurl [8.16.0|8.17.0], which cannot be installed (as previously explained);
│  │     │     ├─ libcurl 8.17.0 conflicts with any installable versions previously reported;
│  │     │     ├─ libcurl [8.11.1|8.12.0|...|8.14.1], which cannot be installed (as previously explained);
│  │     │     ├─ libcurl [8.11.1|8.12.0|8.12.1] conflicts with any installable versions previously reported;
│  │     │     ├─ libcurl [8.14.1|8.15.0|8.16.0] conflicts with any installable versions previously reported;
│  │     │     ├─ libcurl [8.10.0|8.10.1|...|8.9.1], which cannot be installed (as previously explained);
│  │     │     ├─ libcurl 8.5.0 conflicts with any installable versions previously reported;
│  │     │     ├─ libcurl 8.7.1 conflicts with any installable versions previously reported;
│  │     │     └─ libcurl 8.9.1 conflicts with any installable versions previously reported;
│  │     ├─ htslib [1.20|1.21] would require
│  │     │  └─ libcurl >=8.8.0,<9.0a0 * but there are no viable options
│  │     │     ├─ libcurl [8.16.0|8.17.0], which cannot be installed (as previously explained);
│  │     │     ├─ libcurl 8.17.0 conflicts with any installable versions previously reported;
│  │     │     ├─ libcurl [8.11.1|8.12.0|...|8.14.1], which cannot be installed (as previously explained);
│  │     │     ├─ libcurl [8.11.1|8.12.0|8.12.1] conflicts with any installable versions previously reported;
│  │     │     ├─ libcurl [8.14.1|8.15.0|8.16.0] conflicts with any installable versions previously reported;
│  │     │     ├─ libcurl [8.10.0|8.10.1|...|8.9.1], which cannot be installed (as previously explained);
│  │     │     └─ libcurl 8.9.1 conflicts with any installable versions previously reported;
│  │     ├─ htslib 1.20 would require
│  │     │  └─ libcurl >=8.7.1,<9.0a0 * but there are no viable options
│  │     │     ├─ libcurl [8.16.0|8.17.0], which cannot be installed (as previously explained);
│  │     │     ├─ libcurl 8.17.0 conflicts with any installable versions previously reported;
│  │     │     ├─ libcurl [8.11.1|8.12.0|...|8.14.1], which cannot be installed (as previously explained);
│  │     │     ├─ libcurl [8.11.1|8.12.0|8.12.1] conflicts with any installable versions previously reported;
│  │     │     ├─ libcurl [8.14.1|8.15.0|8.16.0] conflicts with any installable versions previously reported;
│  │     │     ├─ libcurl [8.10.0|8.10.1|...|8.9.1], which cannot be installed (as previously explained);
│  │     │     ├─ libcurl 8.7.1 conflicts with any installable versions previously reported;
│  │     │     └─ libcurl 8.9.1 conflicts with any installable versions previously reported;
│  │     ├─ htslib 1.21 would require
│  │     │  └─ libcurl >=8.11.1,<9.0a0 * but there are no viable options
│  │     │     ├─ libcurl [8.16.0|8.17.0], which cannot be installed (as previously explained);
│  │     │     ├─ libcurl 8.17.0 conflicts with any installable versions previously reported;
│  │     │     ├─ libcurl [8.11.1|8.12.0|...|8.14.1], which cannot be installed (as previously explained);
│  │     │     ├─ libcurl [8.11.1|8.12.0|8.12.1] conflicts with any installable versions previously reported;
│  │     │     └─ libcurl [8.14.1|8.15.0|8.16.0] conflicts with any installable versions previously reported;
│  │     └─ htslib [1.22|1.22.1] would require
│  │        └─ libcurl [>=8.14.0,<9.0a0 *|>=8.14.1,<9.0a0 *] but there are no viable options
│  │           ├─ libcurl [8.16.0|8.17.0], which cannot be installed (as previously explained);
│  │           ├─ libcurl 8.17.0 conflicts with any installable versions previously reported;
│  │           ├─ libcurl [8.11.1|8.12.0|...|8.14.1], which cannot be installed (as previously explained);
│  │           └─ libcurl [8.14.1|8.15.0|8.16.0] conflicts with any installable versions previously reported;
│  ├─ samtools 1.15 would require
│  │  └─ htslib >=1.14,<1.24.0a0 * but there are no viable options
│  │     ├─ htslib 1.23, which cannot be installed (as previously explained);
│  │     ├─ htslib [1.14|1.15], which cannot be installed (as previously explained);
│  │     ├─ htslib [1.15.1|1.16], which cannot be installed (as previously explained);
│  │     ├─ htslib 1.15.1, which cannot be installed (as previously explained);
│  │     ├─ htslib 1.17, which cannot be installed (as previously explained);
│  │     ├─ htslib 1.17, which cannot be installed (as previously explained);
│  │     ├─ htslib 1.18, which cannot be installed (as previously explained);
│  │     ├─ htslib [1.19|1.19.1], which cannot be installed (as previously explained);
│  │     ├─ htslib [1.20|1.21], which cannot be installed (as previously explained);
│  │     ├─ htslib 1.20, which cannot be installed (as previously explained);
│  │     ├─ htslib 1.21, which cannot be installed (as previously explained);
│  │     ├─ htslib [1.22|1.22.1], which cannot be installed (as previously explained);
│  │     └─ htslib 1.14 would require
│  │        └─ libcurl >=7.79.1,<8.0a0 * but there are no viable options
│  │           ├─ libcurl [7.82.0|7.83.0|...|8.4.0], which cannot be installed (as previously explained);
│  │           ├─ libcurl [7.79.1|7.80.0|7.81.0], which cannot be installed (as previously explained);
│  │           ├─ libcurl 7.82.0 conflicts with any installable versions previously reported;
│  │           ├─ libcurl [7.84.0|7.85.0|7.86.0] conflicts with any installable versions previously reported;
│  │           ├─ libcurl [7.87.0|7.88.1] conflicts with any installable versions previously reported;
│  │           └─ libcurl 7.80.0 conflicts with any installable versions previously reported;
│  └─ samtools 1.15.1 would require
│     └─ htslib >=1.16,<1.24.0a0 *, which cannot be installed (as previously explained);
└─ snakemake >=7.0 * is not installable because there are no viable options
   ├─ snakemake [9.10.0|9.10.1|...|9.9.0] would require
   │  └─ snakemake-minimal [=9.10.0 *|=9.10.1 *|...|=9.9.0 *], which requires
   │     └─ python >=3.11,<3.14 * but there are no viable options
   │        ├─ python [3.11.0|3.11.10|...|3.12.9] conflicts with any installable versions previously reported;
   │        ├─ python 3.11.0 would require
   │        │  └─ openssl >=3.0.7,<4.0a0 *, which conflicts with any installable versions previously reported;
   │        ├─ python [3.11.1|3.11.2|3.11.3] would require
   │        │  └─ openssl >=3.1.0,<4.0a0 *, which conflicts with any installable versions previously reported;
   │        ├─ python [3.11.10|3.12.6|3.12.7|3.13.0] would require
   │        │  └─ openssl >=3.3.2,<4.0a0 *, which conflicts with any installable versions previously reported;
   │        ├─ python [3.11.11|3.12.8|3.13.0|3.13.1] would require
   │        │  └─ openssl >=3.4.0,<4.0a0 *, which conflicts with any installable versions previously reported;
   │        ├─ python [3.11.11|3.12.9|3.13.2] would require
   │        │  └─ openssl >=3.4.1,<4.0a0 *, which conflicts with any installable versions previously reported;
   │        ├─ python [3.11.12|3.11.13|...|3.13.5] would require
   │        │  └─ openssl >=3.5.0,<4.0a0 *, which conflicts with any installable versions previously reported;
   │        ├─ python [3.11.14|3.12.12|...|3.13.9] would require
   │        │  └─ openssl >=3.5.4,<4.0a0 *, which conflicts with any installable versions previously reported;
   │        ├─ python 3.11.4 would require
   │        │  └─ openssl >=3.1.1,<4.0a0 *, which conflicts with any installable versions previously reported;
   │        ├─ python 3.11.5 would require
   │        │  └─ openssl >=3.1.2,<4.0a0 *, which conflicts with any installable versions previously reported;
   │        ├─ python [3.11.6|3.12.0] would require
   │        │  └─ openssl >=3.1.3,<4.0a0 *, which conflicts with any installable versions previously reported;
   │        ├─ python [3.11.7|3.12.1] would require
   │        │  └─ openssl >=3.2.0,<4.0a0 *, which conflicts with any installable versions previously reported;
   │        ├─ python [3.11.8|3.11.9|3.12.2|3.12.3] would require
   │        │  └─ openssl >=3.2.1,<4.0a0 *, which conflicts with any installable versions previously reported;
   │        ├─ python [3.12.4|3.12.5] would require
   │        │  └─ openssl >=3.3.1,<4.0a0 *, which conflicts with any installable versions previously reported;
   │        ├─ python 3.13.7 would require
   │        │  └─ openssl >=3.5.2,<4.0a0 *, which conflicts with any installable versions previously reported;
   │        ├─ python [3.14.0rc1|3.14.0rc2|3.14.0rc3] would require
   │        │  └─ _python_rc =* *, which does not exist (perhaps a missing channel);
   │        └─ python [3.13.0|3.13.1|...|3.13.9] conflicts with any installable versions previously reported;
   ├─ snakemake [7.0.0|7.0.1|...|7.3.1] would require
   │  └─ pygraphviz >=1.5 *, which conflicts with any installable versions previously reported;
   ├─ snakemake [7.11.0|7.12.0|...|8.0.0] would require
   │  └─ dropbox >=7.2.1 *, which conflicts with any installable versions previously reported;
   ├─ snakemake [8.0.1|8.1.0|...|8.9.0] would require
   │  └─ snakemake-minimal [=8.0.1 *|=8.1.0 *|...|=8.9.0 *], which requires
   │     └─ toposort [>=1.10 *|>=1.10,<2.0 *], which conflicts with any installable versions previously reported;
   ├─ snakemake 8.11.2 would require
   │  └─ snakemake-minimal =8.11.2 *, which does not exist (perhaps a missing channel);
   ├─ snakemake 8.23.0 would require
   │  └─ snakemake-minimal =8.23.0 * but there are no viable options
   │     ├─ snakemake-minimal [8.0.1|8.1.0|...|8.9.0], which cannot be installed (as previously explained);
   │     └─ snakemake-minimal [8.23.0|8.23.1|...|9.8.2] would require
   │        └─ python >=3.11,<3.13 * but there are no viable options
   │           ├─ python [3.11.0|3.11.10|...|3.12.9] conflicts with any installable versions previously reported;
   │           ├─ python 3.11.0, which cannot be installed (as previously explained);
   │           ├─ python [3.11.1|3.11.2|3.11.3], which cannot be installed (as previously explained);
   │           ├─ python [3.11.10|3.12.6|3.12.7|3.13.0], which cannot be installed (as previously explained);
   │           ├─ python [3.11.11|3.12.8|3.13.0|3.13.1], which cannot be installed (as previously explained);
   │           ├─ python [3.11.11|3.12.9|3.13.2], which cannot be installed (as previously explained);
   │           ├─ python [3.11.12|3.11.13|...|3.13.5], which cannot be installed (as previously explained);
   │           ├─ python [3.11.14|3.12.12|...|3.13.9], which cannot be installed (as previously explained);
   │           ├─ python 3.11.4, which cannot be installed (as previously explained);
   │           ├─ python 3.11.5, which cannot be installed (as previously explained);
   │           ├─ python [3.11.6|3.12.0], which cannot be installed (as previously explained);
   │           ├─ python [3.11.7|3.12.1], which cannot be installed (as previously explained);
   │           ├─ python [3.11.8|3.11.9|3.12.2|3.12.3], which cannot be installed (as previously explained);
   │           └─ python [3.12.4|3.12.5], which cannot be installed (as previously explained);
   └─ snakemake [8.23.1|8.23.2|...|9.8.2] would require
      └─ snakemake-minimal [=8.23.1 *|=8.23.2 *|...|=9.8.2 *], which cannot be installed (as previously explained).


