Building DAG of jobs...
Using shell: /usr/bin/bash
Provided cores: 4
Rules claiming more threads will be scaled down.
Job stats:
job        count
-------  -------
all            1
multiqc        1
total          2

Select jobs to execute...

[Sat Jan  3 19:55:13 2026]
rule multiqc:
    input: results/qc/fastp/Normal_1000G_L001.json, results/qc/fastp/Tumor_1000G_L001.json, results/qc/dedup/Normal_1000G.metrics.txt, results/qc/dedup/Tumor_1000G.metrics.txt, results/qc/bam/Normal_1000G.stats, results/qc/bam/Tumor_1000G.stats
    output: results/qc/multiqc_report.html
    jobid: 1
    reason: Missing output files: results/qc/multiqc_report.html
    resources: tmpdir=/tmp

[Sat Jan  3 19:55:14 2026]
Finished job 1.
1 of 2 steps (50%) done
Select jobs to execute...

[Sat Jan  3 19:55:14 2026]
localrule all:
    input: results/qc/multiqc_report.html, results/vcf/somatic/annotated/Tumor_1000G.somatic.ann.vcf.gz, results/vcf/germline/Normal_1000G.germline.vcf.gz, results/sv/manta/Tumor_1000G/results/variants/somaticSV.vcf.gz
    jobid: 0
    reason: Input files updated by another job: results/qc/multiqc_report.html
    resources: tmpdir=/tmp

[Sat Jan  3 19:55:14 2026]
Finished job 0.
2 of 2 steps (100%) done
Complete log: .snakemake/log/2026-01-03T195512.449802.snakemake.log
