Building DAG of jobs...
Using shell: /usr/bin/bash
Provided cores: 4
Rules claiming more threads will be scaled down.
Job stats:
job        count
-------  -------
all            1
vcf2maf        1
total          2

Select jobs to execute...

[Sat Jan  3 20:43:41 2026]
rule vcf2maf:
    input: results/vcf/somatic/annotated/Tumor_1000G.somatic.ann.vcf.gz, data/refs/Homo_sapiens_assembly38.fasta
    output: results/maf/Tumor_1000G.maf
    jobid: 18
    reason: Missing output files: results/maf/Tumor_1000G.maf
    wildcards: sample=Tumor_1000G
    resources: tmpdir=/tmp

[Sat Jan  3 20:43:41 2026]
Error in rule vcf2maf:
    jobid: 18
    input: results/vcf/somatic/annotated/Tumor_1000G.somatic.ann.vcf.gz, data/refs/Homo_sapiens_assembly38.fasta
    output: results/maf/Tumor_1000G.maf
    shell:
        
        # Note: We let vcf2maf find VEP in the current path
        vcf2maf.pl             --input-vcf results/vcf/somatic/annotated/Tumor_1000G.somatic.ann.vcf.gz             --output-maf results/maf/Tumor_1000G.maf             --tumor-id Tumor_1000G             --normal-id Normal_1000G             --ref-fasta data/refs/Homo_sapiens_assembly38.fasta             --ncbi-build GRCh38             --vep-path $(dirname $(which vep))             --vep-data data/refs/vep_cache
        
        (one of the commands exited with non-zero exit code; note that snakemake uses bash strict mode!)

Shutting down, this might take some time.
Exiting because a job execution failed. Look above for error message
Complete log: .snakemake/log/2026-01-03T204339.859468.snakemake.log
