[2026-01-08 04:10:35,814] multiqc                                            [DEBUG  ]  This is MultiQC v1.14
[2026-01-08 04:10:35,814] multiqc                                            [DEBUG  ]  Command used: /home/visceria/.local/share/miniforge3/envs/wes_pipeline/bin/multiqc results/qc -o results/qc -f
[2026-01-08 04:10:36,891] multiqc                                            [WARNING]  MultiQC Version v1.33 now available!
[2026-01-08 04:10:36,891] multiqc                                            [DEBUG  ]  Working dir : /home/visceria/projects/wes
[2026-01-08 04:10:36,891] multiqc                                            [DEBUG  ]  Template    : default
[2026-01-08 04:10:36,891] multiqc                                            [DEBUG  ]  Running Python 3.9.19 | packaged by conda-forge | (main, Mar 20 2024, 12:50:21)  [GCC 12.3.0]
[2026-01-08 04:10:36,891] multiqc                                            [DEBUG  ]  Analysing modules: custom_content, ccs, ngsderive, purple, conpair, lima, peddy, somalier, methylQA, mosdepth, phantompeakqualtools, qualimap, preseq, hifiasm, quast, qorts, rna_seqc, rockhopper, rsem, rseqc, busco, bustools, goleft_indexcov, gffcompare, disambiguate, supernova, deeptools, sargasso, verifybamid, mirtrace, happy, mirtop, sambamba, gopeaks, homer, hops, macs2, theta2, snpeff, gatk, htseq, bcftools, featureCounts, fgbio, dragen, dragen_fastqc, dedup, pbmarkdup, damageprofiler, biobambam2, jcvi, mtnucratio, picard, vep, sentieon, prokka, qc3C, nanostat, samblaster, samtools, sexdeterrmine, eigenstratdatabasetools, bamtools, jellyfish, vcftools, longranger, stacks, varscan2, snippy, umitools, bbmap, bismark, biscuit, diamond, hicexplorer, hicup, hicpro, salmon, kallisto, slamdunk, star, hisat2, tophat, bowtie2, bowtie1, cellranger, snpsplit, odgi, pangolin, nextclade, humid, kat, leehom, adapterRemoval, bbduk, clipandmerge, cutadapt, flexbar, kaiju, kraken, malt, motus, trimmomatic, sickle, skewer, sortmerna, biobloomtools, fastq_screen, afterqc, fastp, fastqc, filtlong, prinseqplusplus, pychopper, porechop, pycoqc, minionqc, anglerfish, multivcfanalyzer, clusterflow, checkqc, bcl2fastq, bclconvert, interop, ivar, flash, seqyclean, optitype, whatshap
[2026-01-08 04:10:36,891] multiqc                                            [DEBUG  ]  Using temporary directory for creating report: /tmp/tmpjvn18dxr
[2026-01-08 04:10:36,924] multiqc                                            [INFO   ]  Search path : /home/visceria/projects/wes/results/qc
[2026-01-08 04:10:36,985] multiqc                                            [DEBUG  ]  Summary of files that were skipped by the search: [skipped_module_specific_max_filesize: 30] // [skipped_no_match: 4] // [skipped_ignore_pattern: 2]
[2026-01-08 04:10:37,163] multiqc.plots.bargraph                             [DEBUG  ]  Using matplotlib version 3.9.4
[2026-01-08 04:10:37,163] multiqc.plots.linegraph                            [DEBUG  ]  Using matplotlib version 3.9.4
[2026-01-08 04:10:37,164] multiqc                                            [DEBUG  ]  No samples found: custom_content
[2026-01-08 04:10:37,171] multiqc.modules.picard.picard                      [INFO   ]  Found 2 MarkDuplicates reports
[2026-01-08 04:10:37,175] multiqc.modules.samtools.samtools                  [INFO   ]  Found 2 stats reports
[2026-01-08 04:10:37,176] multiqc                                            [INFO   ]  Compressing plot data
[2026-01-08 04:10:37,179] multiqc                                            [INFO   ]  Report      : results/qc/multiqc_report.html
[2026-01-08 04:10:37,179] multiqc                                            [INFO   ]  Data        : results/qc/multiqc_data
[2026-01-08 04:10:37,179] multiqc                                            [DEBUG  ]  Moving data file from '/tmp/tmpjvn18dxr/multiqc_data' to 'results/qc/multiqc_data'
[2026-01-08 04:10:37,210] multiqc                                            [INFO   ]  MultiQC complete
